<?xml version="1.0" encoding="UTF-8"?>
<testsuite xmlns:xsi="http://www.w3.org/2001/XMLSchema-instance" xsi:noNamespaceSchemaLocation="https://maven.apache.org/surefire/maven-surefire-plugin/xsd/surefire-test-report.xsd" version="3.0.2" name="com.pawgrammers.PawgrammersApplicationTests" time="8.868" tests="1" errors="0" skipped="0" failures="0">
  <properties>
[...]
</properties>
  <testcase name="contextLoads" classname="com.pawgrammers.PawgrammersApplicationTests" time="1.689">
    <system-out><![CDATA[Standard Commons Logging discovery in action with spring-jcl: please remove commons-logging.jar from classpath in order to avoid potential conflicts
01:54:21.664 [main] INFO org.springframework.test.context.support.AnnotationConfigContextLoaderUtils -- Could not detect default configuration classes for test class [com.pawgrammers.PawgrammersApplicationTests]: PawgrammersApplicationTests does not declare any static, non-private, non-final, nested classes annotated with @Configuration.
01:54:22.364 [main] INFO org.springframework.boot.test.context.SpringBootTestContextBootstrapper -- Found @SpringBootConfiguration com.pawgrammers.PawgrammersApplication for test class com.pawgrammers.PawgrammersApplicationTests
01:54:23.271 [main] INFO org.springframework.boot.devtools.restart.RestartApplicationListener -- Restart disabled due to context in which it is running

  .   ____          _            __ _ _
 /\\ / ___'_ __ _ _(_)_ __  __ _ \ \ \ \
( ( )\___ | '_ | '_| | '_ \/ _` | \ \ \ \
 \\/  ___)| |_)| | | | | || (_| |  ) ) ) )
  '  |____| .__|_| |_|_| |_\__, | / / / /
 =========|_|==============|___/=/_/_/_/

 :: Spring Boot ::                (v3.4.4)

2025-03-22T01:54:24.564-04:00  INFO 14752 --- [pawgrammers] [           main] c.p.PawgrammersApplicationTests          : Starting PawgrammersApplicationTests using Java 17.0.12 with PID 14752 (started by Samia Moid in C:\Users\Samia Moid\Desktop\pawgrammers)
2025-03-22T01:54:24.571-04:00  INFO 14752 --- [pawgrammers] [           main] c.p.PawgrammersApplicationTests          : No active profile set, falling back to 1 default profile: "default"
2025-03-22T01:54:27.851-04:00  WARN 14752 --- [pawgrammers] [           main] ion$DefaultTemplateResolverConfiguration : Cannot find template location: classpath:/templates/ (please add some templates, check your Thymeleaf configuration, or set spring.thymeleaf.check-template-location=false)
2025-03-22T01:54:28.088-04:00  INFO 14752 --- [pawgrammers] [           main] c.p.PawgrammersApplicationTests          : Started PawgrammersApplicationTests in 4.884 seconds (process running for 9.64)
]]></system-out>
  </testcase>
</testsuite>